<?xml version="1.0" encoding="UTF-8"?>
<testsuite xmlns:xsi="http://www.w3.org/2001/XMLSchema-instance" xsi:noNamespaceSchemaLocation="https://maven.apache.org/surefire/maven-surefire-plugin/xsd/surefire-test-report.xsd" name="User should able to land on page" time="1.292" tests="1" errors="0" skipped="1" failures="0">
  <properties>
[...]
</properties>
  <testcase name="Successfully land on the website" classname="User should able to land on page" time="0">
    <skipped message="The step &quot;user navigates to main page&quot; is undefined. You can implement it using the snippet(s) below:&#10;&#10;@Given(&quot;user navigates to main page&quot;)&#10;public void user_navigates_to_main_page() {&#10;    // Write code here that turns the phrase above into concrete actions&#10;    throw new io.cucumber.java.PendingException();&#10;}&#10;&#10;&#10;Some other steps were also undefined:&#10;&#10;@Given(&quot;user can able to see featured product&quot;)&#10;public void user_can_able_to_see_featured_product() {&#10;    // Write code here that turns the phrase above into concrete actions&#10;    throw new io.cucumber.java.PendingException();&#10;}&#10;@Then(&quot;user able to see six different artworks under the category&quot;)&#10;public void user_able_to_see_six_different_artworks_under_the_category() {&#10;    // Write code here that turns the phrase above into concrete actions&#10;    throw new io.cucumber.java.PendingException();&#10;}&#10;@Then(&quot;user able to select which artworks category do you want&quot;)&#10;public void user_able_to_select_which_artworks_category_do_you_want() {&#10;    // Write code here that turns the phrase above into concrete actions&#10;    throw new io.cucumber.java.PendingException();&#10;}&#10;"/>
    <system-out><![CDATA[Jun 24, 2022 10:10:47 PM io.cucumber.junit.Cucumber <init>
WARNING: By default Cucumber is running in --non-strict mode.
This default will change to --strict and --non-strict will be removed.
You can use --strict or @CucumberOptions(strict = true) to suppress this warning

&amp#27;[33mUndefined scenarios:&amp#27;[0m
&amp#27;[33mfile:///C:/Users/Asus/IdeaProjects/Bejamas_Test/src/test/resources/features/Featured%20Product.feature:3&amp#27;[0m# Successfully land on the website

1 Scenarios (&amp#27;[33m1 undefined&amp#27;[0m)
4 Steps (&amp#27;[33m4 undefined&amp#27;[0m)
0m1.301s


You can implement missing steps with the snippets below:

@Given("user navigates to main page")
public void user_navigates_to_main_page() {
    // Write code here that turns the phrase above into concrete actions
    throw new io.cucumber.java.PendingException();
}

@Given("user can able to see featured product")
public void user_can_able_to_see_featured_product() {
    // Write code here that turns the phrase above into concrete actions
    throw new io.cucumber.java.PendingException();
}

@Then("user able to see six different artworks under the category")
public void user_able_to_see_six_different_artworks_under_the_category() {
    // Write code here that turns the phrase above into concrete actions
    throw new io.cucumber.java.PendingException();
}

@Then("user able to select which artworks category do you want")
public void user_able_to_select_which_artworks_category_do_you_want() {
    // Write code here that turns the phrase above into concrete actions
    throw new io.cucumber.java.PendingException();
}


]]></system-out>
  </testcase>
</testsuite>